2016-07-24 21:51:32 [log4j.log4j_demo] (main:) # # # # # # # # # # # # # # # # # # # # # # # # # # # 
2016-07-24 21:51:32 [log4j.log4j_demo] (main:) TEST Has Started
2016-07-24 21:52:01 [log4j.log4j_demo] (main:) Open Calc Application
2016-07-24 21:52:02 [log4j.log4j_demo] (main:) Clicked Math Calculator Link
2016-07-24 21:52:05 [log4j.log4j_demo] (main:) Clicked Percent Calculator Link
2016-07-24 21:52:08 [log4j.log4j_demo] (main:) Entered Value into First Text Box
2016-07-24 21:52:11 [log4j.log4j_demo] (main:) Entered Value into Second Text Box
2016-07-24 21:52:12 [log4j.log4j_demo] (main:) Click Calculate Button
2016-07-24 21:56:58 [log4j.log4j_demo] (main:) # # # # # # # # # # # # # # # # # # # # # # # # # # # 
2016-07-24 21:56:58 [log4j.log4j_demo] (main:) TEST Has Started
2016-07-24 21:57:24 [log4j.log4j_demo] (main:) Open Calc Application
2016-07-24 21:57:25 [log4j.log4j_demo] (main:) Clicked Math Calculator Link
2016-07-24 21:57:31 [log4j.log4j_demo] (main:) Clicked Percent Calculator Link
2016-07-24 21:57:36 [log4j.log4j_demo] (main:) Entered Value into First Text Box
2016-07-24 21:57:38 [log4j.log4j_demo] (main:) Entered Value into Second Text Box
2016-07-24 21:57:45 [log4j.log4j_demo] (main:) Click Calculate Button
2016-07-24 21:57:45 [log4j.log4j_demo] (main:) Get Text Value
2016-07-24 21:57:45 [log4j.log4j_demo] (main:)  The Result is 5
2016-07-24 21:57:45 [log4j.log4j_demo] (main:) The Result is Pass
2016-07-24 21:57:45 [log4j.log4j_demo] (main:) # # # # # # # # # # # # # # # # # # # # # # # # # # # 
